<testsuites id="" name="" tests="5" failures="3" skipped="2" errors="0" time="23.339113">
<testsuite name="src\tests\leftNavBar\cmms\forms\formTag.spec.ts" timestamp="2024-08-20T04:42:55.533Z" hostname="" tests="5" failures="3" skipped="2" time="17.353" errors="0">
<testcase name="Verify the functionalities of Job Tag Dashboard Page for CMMS › Create Form Tag" classname="src\tests\leftNavBar\cmms\forms\formTag.spec.ts" time="12.178">
<failure message="formTag.spec.ts:11:7 Create Form Tag" type="FAILURE">
<![CDATA[  src\tests\leftNavBar\cmms\forms\formTag.spec.ts:11:7 › Verify the functionalities of Job Tag Dashboard Page for CMMS › Create Form Tag 

    Error: page.waitForURL: Navigation failed because page was closed!
    =========================== logs ===========================
    waiting for navigation to "https://demo.kitchen.sgrids.io/cms/solar/portfolio/home" until "load"
    ============================================================

       at src\utils\utils.ts:20

      18 |   await page.getByPlaceholder('Password').fill(password || defaultPassword);
      19 |   await Promise.all([
    > 20 |     page.waitForURL(constant.homeUrl),
         |          ^
      21 |     await page.getByRole('button', { name: 'Log in' }).click()
      22 |   ]);
      23 | }

        at login (D:\Gowdham\Repo\radiatics-ui-testhub\src\utils\utils.ts:20:10)
        at D:\Gowdham\Repo\radiatics-ui-testhub\src\tests\leftNavBar\cmms\forms\formTag.spec.ts:12:5
]]>
</failure>
</testcase>
<testcase name="Verify the functionalities of Job Tag Dashboard Page for CMMS › Testing Alert while Craeting Form Tag" classname="src\tests\leftNavBar\cmms\forms\formTag.spec.ts" time="1.971">
<failure message="formTag.spec.ts:21:9 Testing Alert while Craeting Form Tag" type="FAILURE">
<![CDATA[  src\tests\leftNavBar\cmms\forms\formTag.spec.ts:21:9 › Verify the functionalities of Job Tag Dashboard Page for CMMS › Testing Alert while Craeting Form Tag 

    Error: page.goto: Page closed
    =========================== logs ===========================
    navigating to "https://demo.kitchen.sgrids.io/auth/login", waiting until "load"
    ============================================================

       at src\utils\utils.ts:14

      12 |   password?: string,
      13 | ): Promise<void> {
    > 14 |   await page.goto(constant.loginUrl);
         |              ^
      15 |   await page.getByPlaceholder('Email').click();
      16 |   await page.getByPlaceholder('Email').fill(username || defaultUsername);
      17 |   await page.getByPlaceholder('Email').press('Tab');

        at login (D:\Gowdham\Repo\radiatics-ui-testhub\src\utils\utils.ts:14:14)
        at D:\Gowdham\Repo\radiatics-ui-testhub\src\tests\leftNavBar\cmms\forms\formTag.spec.ts:22:18
]]>
</failure>
</testcase>
<testcase name="Verify the functionalities of Job Tag Dashboard Page for CMMS › Edit Form Tag" classname="src\tests\leftNavBar\cmms\forms\formTag.spec.ts" time="3.043">
<failure message="formTag.spec.ts:33:9 Edit Form Tag" type="FAILURE">
<![CDATA[  src\tests\leftNavBar\cmms\forms\formTag.spec.ts:33:9 › Verify the functionalities of Job Tag Dashboard Page for CMMS › Edit Form Tag 

    Error: page.waitForURL: Navigation failed because page was closed!
    =========================== logs ===========================
    waiting for navigation to "https://demo.kitchen.sgrids.io/cms/solar/portfolio/home" until "load"
    ============================================================

       at src\utils\utils.ts:20

      18 |   await page.getByPlaceholder('Password').fill(password || defaultPassword);
      19 |   await Promise.all([
    > 20 |     page.waitForURL(constant.homeUrl),
         |          ^
      21 |     await page.getByRole('button', { name: 'Log in' }).click()
      22 |   ]);
      23 | }

        at login (D:\Gowdham\Repo\radiatics-ui-testhub\src\utils\utils.ts:20:10)
        at D:\Gowdham\Repo\radiatics-ui-testhub\src\tests\leftNavBar\cmms\forms\formTag.spec.ts:34:5
]]>
</failure>
</testcase>
<testcase name="Verify the functionalities of Job Tag Dashboard Page for CMMS › Validate Form tag Exist Already" classname="src\tests\leftNavBar\cmms\forms\formTag.spec.ts" time="0.161">
<skipped>
</skipped>
</testcase>
<testcase name="Verify the functionalities of Job Tag Dashboard Page for CMMS › Delete Form Tag" classname="src\tests\leftNavBar\cmms\forms\formTag.spec.ts" time="0">
<skipped>
</skipped>
</testcase>
</testsuite>
</testsuites>